[2021-05-27 14:01:12] [info] Start Program:
Path:"C:\\Users\\Admin\\Documents\\VS Projects\\Lab10-11\\MagazinGUI\\x64\\Debug\\MagazinGUI.exe"
Arguments:
Working directory: "C:\\Users\\Admin\\Documents\\VS Projects\\Lab10-11\\MagazinGUI\\"
Modules: Selected: C:\Users\Admin\Documents\VS Projects\Lab10-11\MagazinGUI\x64\Debug\MagazinGUI.exe Excluded: 
Sources: Selected: C:\Users\Admin\Documents\VS Projects\Lab10-11\MagazinGUI Excluded: 
Log Level: Normal
Cover Children: 0
Aggregate by file: 1
Continue after C++ exception: 0
Optimized build support: 0
Export: binary C:\Users\Admin\AppData\Local\Temp\hhoepmz5.fqv 
Input coverage: 
Unified diff: 
Excluded line regular expressions: 
Substitute pdb source paths: 

[2021-05-27 14:01:12] [info] Module: C:\Users\Admin\Documents\VS Projects\Lab10-11\MagazinGUI\x64\Debug\MagazinGUI.exe is selected because it matches selected pattern: C:\Users\Admin\Documents\VS Projects\Lab10-11\MagazinGUI\x64\Debug\MagazinGUI.exe
[2021-05-27 14:01:18] [info] ----------------------------------------------------
[2021-05-27 14:01:18] [info] Coverage binary generated in file: C:\Users\Admin\AppData\Local\Temp\hhoepmz5.fqv
[2021-05-27 14:01:18] [info] ----------------------------------------------------
